Build started 12/15/2015 9:23:02 PM.
     1>Project "C:\Users\Edwin Kurniawan\documents\visual studio 2013\Projects\FeatureDetection\FeatureDetection\FeatureDetection.vcxproj" on node 2 (Build target(s)).
     1>ClCompile:
         C:\Program Files (x86)\Microsoft Visual Studio 12.0\VC\bin\CL.exe /c /I"C:\Users\Edwin Kurniawan\documents\visual studio 2013\Projects\FeatureDetection\packages\cpprestsdk.v120.windesktop.msvcstl.dyn.rt-dyn.2.6.0\build\native\include" /ZI /nologo /W3 /WX- /sdl /Od /Oy- /D WIN32 /D _DEBUG /D _CONSOLE /D _LIB /D _CRT_SECURE_NO_WARNINGS /D _UNICODE /D UNICODE /Gm /EHsc /RTC1 /MDd /GS /fp:precise /Zc:wchar_t /Zc:forScope /Fo"Debug\\" /Fd"Debug\vc120.pdb" /Gd /TP /analyze- /errorReport:prompt FeatureDetection.cpp
         FeatureDetection.cpp
     1>c:\users\edwin kurniawan\documents\visual studio 2013\projects\featuredetection\featuredetection\featuredetection.cpp(75): warning C4018: '<' : signed/unsigned mismatch
     1>c:\users\edwin kurniawan\documents\visual studio 2013\projects\featuredetection\featuredetection\featuredetection.cpp(93): warning C4244: 'argument' : conversion from 'int' to 'float', possible loss of data
     1>c:\users\edwin kurniawan\documents\visual studio 2013\projects\featuredetection\featuredetection\featuredetection.cpp(94): warning C4244: 'argument' : conversion from 'int' to 'float', possible loss of data
     1>c:\users\edwin kurniawan\documents\visual studio 2013\projects\featuredetection\featuredetection\featuredetection.cpp(95): warning C4244: 'argument' : conversion from 'int' to 'float', possible loss of data
     1>c:\users\edwin kurniawan\documents\visual studio 2013\projects\featuredetection\featuredetection\featuredetection.cpp(96): warning C4244: 'argument' : conversion from 'int' to 'float', possible loss of data
     1>c:\users\edwin kurniawan\documents\visual studio 2013\projects\featuredetection\featuredetection\featuredetection.cpp(98): warning C4244: '=' : conversion from 'float' to 'int', possible loss of data
     1>c:\users\edwin kurniawan\documents\visual studio 2013\projects\featuredetection\featuredetection\featuredetection.cpp(99): warning C4244: '=' : conversion from 'float' to 'int', possible loss of data
     1>c:\users\edwin kurniawan\documents\visual studio 2013\projects\featuredetection\featuredetection\featuredetection.cpp(130): warning C4018: '<' : signed/unsigned mismatch
     1>c:\users\edwin kurniawan\documents\visual studio 2013\projects\featuredetection\featuredetection\featuredetection.cpp(182): warning C4018: '<' : signed/unsigned mismatch
     1>c:\users\edwin kurniawan\documents\visual studio 2013\projects\featuredetection\featuredetection\featuredetection.cpp(187): warning C4018: '<' : signed/unsigned mismatch
     1>c:\users\edwin kurniawan\documents\visual studio 2013\projects\featuredetection\featuredetection\featuredetection.cpp(190): warning C4244: '=' : conversion from 'double' to 'float', possible loss of data
     1>c:\users\edwin kurniawan\documents\visual studio 2013\projects\featuredetection\featuredetection\featuredetection.cpp(191): warning C4244: '=' : conversion from 'double' to 'float', possible loss of data
     1>c:\users\edwin kurniawan\documents\visual studio 2013\projects\featuredetection\featuredetection\featuredetection.cpp(192): warning C4244: '=' : conversion from 'double' to 'float', possible loss of data
     1>c:\users\edwin kurniawan\documents\visual studio 2013\projects\featuredetection\featuredetection\featuredetection.cpp(193): warning C4244: '=' : conversion from 'double' to 'float', possible loss of data
     1>c:\users\edwin kurniawan\documents\visual studio 2013\projects\featuredetection\featuredetection\featuredetection.cpp(208): warning C4018: '<' : signed/unsigned mismatch
     1>c:\users\edwin kurniawan\documents\visual studio 2013\projects\featuredetection\featuredetection\featuredetection.cpp(223): warning C4018: '<' : signed/unsigned mismatch
     1>c:\users\edwin kurniawan\documents\visual studio 2013\projects\featuredetection\featuredetection\featuredetection.cpp(248): warning C4244: 'argument' : conversion from 'float' to 'int', possible loss of data
     1>c:\users\edwin kurniawan\documents\visual studio 2013\projects\featuredetection\featuredetection\featuredetection.cpp(263): warning C4018: '<' : signed/unsigned mismatch
     1>c:\users\edwin kurniawan\documents\visual studio 2013\projects\featuredetection\featuredetection\featuredetection.cpp(267): warning C4244: '=' : conversion from 'float' to 'int', possible loss of data
     1>c:\users\edwin kurniawan\documents\visual studio 2013\projects\featuredetection\featuredetection\featuredetection.cpp(269): warning C4244: '=' : conversion from 'float' to 'int', possible loss of data
     1>c:\users\edwin kurniawan\documents\visual studio 2013\projects\featuredetection\featuredetection\featuredetection.cpp(273): warning C4018: '<' : signed/unsigned mismatch
     1>c:\users\edwin kurniawan\documents\visual studio 2013\projects\featuredetection\featuredetection\featuredetection.cpp(275): warning C4018: '<' : signed/unsigned mismatch
     1>c:\users\edwin kurniawan\documents\visual studio 2013\projects\featuredetection\featuredetection\featuredetection.cpp(293): warning C4018: '<' : signed/unsigned mismatch
     1>c:\users\edwin kurniawan\documents\visual studio 2013\projects\featuredetection\featuredetection\featuredetection.cpp(298): warning C4018: '<' : signed/unsigned mismatch
     1>c:\users\edwin kurniawan\documents\visual studio 2013\projects\featuredetection\featuredetection\featuredetection.cpp(335): warning C4018: '<' : signed/unsigned mismatch
     1>c:\users\edwin kurniawan\documents\visual studio 2013\projects\featuredetection\featuredetection\featuredetection.cpp(372): warning C4101: 'denom' : unreferenced local variable
       Link:
         C:\Program Files (x86)\Microsoft Visual Studio 12.0\VC\bin\link.exe /ERRORREPORT:PROMPT /OUT:"C:\Users\Edwin Kurniawan\documents\visual studio 2013\Projects\FeatureDetection\Debug\FeatureDetection.exe" /INCREMENTAL /NOLOGO "C:\Users\Edwin Kurniawan\documents\visual studio 2013\Projects\FeatureDetection\packages\cpprestsdk.v120.windesktop.msvcstl.dyn.rt-dyn.2.6.0\build\native\..\..\lib\native\v120\windesktop\msvcstl\dyn\rt-dyn\x86\Debug\cpprest120d_2_6.lib" opencv_highgui2410d.lib opencv_imgproc2410d.lib opencv_core2410d.lib opencv_features2d2410d.lib opencv_nonfree2410d.lib opencv_flann2410d.lib opencv_calib3d2410d.lib kernel32.lib user32.lib gdi32.lib winspool.lib comdlg32.lib advapi32.lib shell32.lib ole32.lib oleaut32.lib uuid.lib odbc32.lib odbccp32.lib /MANIFEST /MANIFESTUAC:"level='asInvoker' uiAccess='false'" /manifest:embed /DEBUG /PDB:"C:\Users\Edwin Kurniawan\documents\visual studio 2013\Projects\FeatureDetection\Debug\FeatureDetection.pdb" /SUBSYSTEM:CONSOLE /TLBID:1 /DYNAMICBASE /NXCOMPAT /IMPLIB:"C:\Users\Edwin Kurniawan\documents\visual studio 2013\Projects\FeatureDetection\Debug\FeatureDetection.lib" /MACHINE:X86 Debug\FeatureDetection.obj
         Debug\stdafx.obj
         FeatureDetection.vcxproj -> C:\Users\Edwin Kurniawan\documents\visual studio 2013\Projects\FeatureDetection\Debug\FeatureDetection.exe
     1>Done Building Project "C:\Users\Edwin Kurniawan\documents\visual studio 2013\Projects\FeatureDetection\FeatureDetection\FeatureDetection.vcxproj" (Build target(s)).

Build succeeded.

Time Elapsed 00:00:06.15
